# JRE version: Java(TM) SE Runtime Environment (7.0_45-b18) (build 1.7.0_45-b18)
# Java VM: Java HotSpot(TM) 64-Bit Server VM (24.45-b08 mixed mode bsd-amd64 compressed oops)
Heap
 PSYoungGen      total 328192K, used 32962K [0x00000007eaa80000, 0x0000000800000000, 0x0000000800000000)
  eden space 306688K, 3% used [0x00000007eaa80000,0x00000007eb5b4468,0x00000007fd600000)
  from space 21504K, 99% used [0x00000007fd600000,0x00000007feafc5c0,0x00000007feb00000)
  to   space 21504K, 0% used [0x00000007feb00000,0x00000007feb00000,0x0000000800000000)
 ParOldGen       total 349696K, used 157288K [0x00000007c0000000, 0x00000007d5580000, 0x00000007eaa80000)
  object space 349696K, 44% used [0x00000007c0000000,0x00000007c999a2c8,0x00000007d5580000)
 PSPermGen       total 38912K, used 38731K [0x00000007b0000000, 0x00000007b2600000, 0x00000007c0000000)
  object space 38912K, 99% used [0x00000007b0000000,0x00000007b25d2d88,0x00000007b2600000)
GC Heap History (10 events):
Event: 3.592 GC heap before
{Heap before GC invocations=1 (full 0):
 PSYoungGen      total 153600K, used 132096K [0x00000007eaa80000, 0x00000007f5580000, 0x0000000800000000)
  eden space 132096K, 100% used [0x00000007eaa80000,0x00000007f2b80000,0x00000007f2b80000)
  from space 21504K, 0% used [0x00000007f4080000,0x00000007f4080000,0x00000007f5580000)
  to   space 21504K, 0% used [0x00000007f2b80000,0x00000007f2b80000,0x00000007f4080000)
 ParOldGen       total 349696K, used 0K [0x00000007c0000000, 0x00000007d5580000, 0x00000007eaa80000)
  object space 349696K, 0% used [0x00000007c0000000,0x00000007c0000000,0x00000007d5580000)
 PSPermGen       total 21504K, used 14778K [0x00000007b0000000, 0x00000007b1500000, 0x00000007c0000000)
  object space 21504K, 68% used [0x00000007b0000000,0x00000007b0e6e960,0x00000007b1500000)
Event: 3.693 GC heap after
Heap after GC invocations=1 (full 0):
 PSYoungGen      total 153600K, used 21488K [0x00000007eaa80000, 0x00000007fd680000, 0x0000000800000000)
  eden space 132096K, 0% used [0x00000007eaa80000,0x00000007eaa80000,0x00000007f2b80000)
  from space 21504K, 99% used [0x00000007f2b80000,0x00000007f407c040,0x00000007f4080000)
  to   space 21504K, 0% used [0x00000007fc180000,0x00000007fc180000,0x00000007fd680000)
 ParOldGen       total 349696K, used 9943K [0x00000007c0000000, 0x00000007d5580000, 0x00000007eaa80000)
  object space 349696K, 2% used [0x00000007c0000000,0x00000007c09b5c88,0x00000007d5580000)
 PSPermGen       total 21504K, used 14778K [0x00000007b0000000, 0x00000007b1500000, 0x00000007c0000000)
  object space 21504K, 68% used [0x00000007b0000000,0x00000007b0e6e960,0x00000007b1500000)
}
Event: 7.133 GC heap before
{Heap before GC invocations=2 (full 0):
 PSYoungGen      total 153600K, used 153584K [0x00000007eaa80000, 0x00000007fd680000, 0x0000000800000000)
  eden space 132096K, 100% used [0x00000007eaa80000,0x00000007f2b80000,0x00000007f2b80000)
  from space 21504K, 99% used [0x00000007f2b80000,0x00000007f407c040,0x00000007f4080000)
  to   space 21504K, 0% used [0x00000007fc180000,0x00000007fc180000,0x00000007fd680000)
 ParOldGen       total 349696K, used 9943K [0x00000007c0000000, 0x00000007d5580000, 0x00000007eaa80000)
  object space 349696K, 2% used [0x00000007c0000000,0x00000007c09b5c88,0x00000007d5580000)
 PSPermGen       total 22528K, used 22450K [0x00000007b0000000, 0x00000007b1600000, 0x00000007c0000000)
  object space 22528K, 99% used [0x00000007b0000000,0x00000007b15ec8f0,0x00000007b1600000)
Event: 7.249 GC heap after
Heap after GC invocations=2 (full 0):
 PSYoungGen      total 285696K, used 21488K [0x00000007eaa80000, 0x00000007fd680000, 0x0000000800000000)
  eden space 264192K, 0% used [0x00000007eaa80000,0x00000007eaa80000,0x00000007fac80000)
  from space 21504K, 99% used [0x00000007fc180000,0x00000007fd67c040,0x00000007fd680000)
  to   space 21504K, 0% used [0x00000007fac80000,0x00000007fac80000,0x00000007fc180000)
 ParOldGen       total 349696K, used 33266K [0x00000007c0000000, 0x00000007d5580000, 0x00000007eaa80000)
  object space 349696K, 9% used [0x00000007c0000000,0x00000007c207c880,0x00000007d5580000)
 PSPermGen       total 22528K, used 22450K [0x00000007b0000000, 0x00000007b1600000, 0x00000007c0000000)
  object space 22528K, 99% used [0x00000007b0000000,0x00000007b15ec8f0,0x00000007b1600000)
}
Event: 78.926 GC heap before
{Heap before GC invocations=3 (full 0):
 PSYoungGen      total 285696K, used 285680K [0x00000007eaa80000, 0x00000007fd680000, 0x0000000800000000)
  eden space 264192K, 100% used [0x00000007eaa80000,0x00000007fac80000,0x00000007fac80000)
  from space 21504K, 99% used [0x00000007fc180000,0x00000007fd67c040,0x00000007fd680000)
  to   space 21504K, 0% used [0x00000007fac80000,0x00000007fac80000,0x00000007fc180000)
 ParOldGen       total 349696K, used 33266K [0x00000007c0000000, 0x00000007d5580000, 0x00000007eaa80000)
  object space 349696K, 9% used [0x00000007c0000000,0x00000007c207c880,0x00000007d5580000)
 PSPermGen       total 28160K, used 28140K [0x00000007b0000000, 0x00000007b1b80000, 0x00000007c0000000)
  object space 28160K, 99% used [0x00000007b0000000,0x00000007b1b7b1c0,0x00000007b1b80000)
Event: 79.230 GC heap after
Heap after GC invocations=3 (full 0):
 PSYoungGen      total 285696K, used 21480K [0x00000007eaa80000, 0x0000000800000000, 0x0000000800000000)
  eden space 264192K, 0% used [0x00000007eaa80000,0x00000007eaa80000,0x00000007fac80000)
  from space 21504K, 99% used [0x00000007fac80000,0x00000007fc17a050,0x00000007fc180000)
  to   space 21504K, 0% used [0x00000007feb00000,0x00000007feb00000,0x0000000800000000)
 ParOldGen       total 349696K, used 103202K [0x00000007c0000000, 0x00000007d5580000, 0x00000007eaa80000)
  object space 349696K, 29% used [0x00000007c0000000,0x00000007c64c8b38,0x00000007d5580000)
 PSPermGen       total 28160K, used 28140K [0x00000007b0000000, 0x00000007b1b80000, 0x00000007c0000000)
  object space 28160K, 99% used [0x00000007b0000000,0x00000007b1b7b1c0,0x00000007b1b80000)
}
Event: 86.684 GC heap before
{Heap before GC invocations=4 (full 0):
 PSYoungGen      total 285696K, used 285672K [0x00000007eaa80000, 0x0000000800000000, 0x0000000800000000)
  eden space 264192K, 100% used [0x00000007eaa80000,0x00000007fac80000,0x00000007fac80000)
  from space 21504K, 99% used [0x00000007fac80000,0x00000007fc17a050,0x00000007fc180000)
  to   space 21504K, 0% used [0x00000007feb00000,0x00000007feb00000,0x0000000800000000)
 ParOldGen       total 349696K, used 103202K [0x00000007c0000000, 0x00000007d5580000, 0x00000007eaa80000)
  object space 349696K, 29% used [0x00000007c0000000,0x00000007c64c8b38,0x00000007d5580000)
 PSPermGen       total 32256K, used 32074K [0x00000007b0000000, 0x00000007b1f80000, 0x00000007c0000000)
  object space 32256K, 99% used [0x00000007b0000000,0x00000007b1f52870,0x00000007b1f80000)
Event: 87.016 GC heap after
Heap after GC invocations=4 (full 0):
 PSYoungGen      total 328192K, used 21489K [0x00000007eaa80000, 0x0000000800000000, 0x0000000800000000)
  eden space 306688K, 0% used [0x00000007eaa80000,0x00000007eaa80000,0x00000007fd600000)
  from space 21504K, 99% used [0x00000007feb00000,0x00000007ffffc5c0,0x0000000800000000)
  to   space 21504K, 0% used [0x00000007fd600000,0x00000007fd600000,0x00000007feb00000)
 ParOldGen       total 349696K, used 150269K [0x00000007c0000000, 0x00000007d5580000, 0x00000007eaa80000)
  object space 349696K, 42% used [0x00000007c0000000,0x00000007c92bf520,0x00000007d5580000)
 PSPermGen       total 32256K, used 32074K [0x00000007b0000000, 0x00000007b1f80000, 0x00000007c0000000)
  object space 32256K, 99% used [0x00000007b0000000,0x00000007b1f52870,0x00000007b1f80000)
}
Event: 238.482 GC heap before
{Heap before GC invocations=5 (full 0):
 PSYoungGen      total 328192K, used 328177K [0x00000007eaa80000, 0x0000000800000000, 0x0000000800000000)
  eden space 306688K, 100% used [0x00000007eaa80000,0x00000007fd600000,0x00000007fd600000)
  from space 21504K, 99% used [0x00000007feb00000,0x00000007ffffc5c0,0x0000000800000000)
  to   space 21504K, 0% used [0x00000007fd600000,0x00000007fd600000,0x00000007feb00000)
 ParOldGen       total 349696K, used 150269K [0x00000007c0000000, 0x00000007d5580000, 0x00000007eaa80000)
  object space 349696K, 42% used [0x00000007c0000000,0x00000007c92bf520,0x00000007d5580000)
 PSPermGen       total 38912K, used 38631K [0x00000007b0000000, 0x00000007b2600000, 0x00000007c0000000)
  object space 38912K, 99% used [0x00000007b0000000,0x00000007b25b9e60,0x00000007b2600000)
Event: 238.766 GC heap after
Heap after GC invocations=5 (full 0):
 PSYoungGen      total 328192K, used 21489K [0x00000007eaa80000, 0x0000000800000000, 0x0000000800000000)
  eden space 306688K, 0% used [0x00000007eaa80000,0x00000007eaa80000,0x00000007fd600000)
  from space 21504K, 99% used [0x00000007fd600000,0x00000007feafc5c0,0x00000007feb00000)
  to   space 21504K, 0% used [0x00000007feb00000,0x00000007feb00000,0x0000000800000000)
 ParOldGen       total 349696K, used 157288K [0x00000007c0000000, 0x00000007d5580000, 0x00000007eaa80000)
  object space 349696K, 44% used [0x00000007c0000000,0x00000007c999a2c8,0x00000007d5580000)
 PSPermGen       total 38912K, used 38631K [0x00000007b0000000, 0x00000007b2600000, 0x00000007c0000000)
  object space 38912K, 99% used [0x00000007b0000000,0x00000007b25b9e60,0x00000007b2600000)
}

