# JRE version: Java(TM) SE Runtime Environment (7.0_45-b18) (build 1.7.0_45-b18)
# Java VM: Java HotSpot(TM) 64-Bit Server VM (24.45-b08 mixed mode bsd-amd64 compressed oops)
Heap
 PSYoungGen      total 95232K, used 62117K [0x000000013fc00000, 0x000000014ae00000, 0x0000000155180000)
  eden space 94208K, 65% used [0x000000013fc00000,0x0000000143809690,0x0000000145800000)
  from space 1024K, 62% used [0x0000000145980000,0x0000000145a200a0,0x0000000145a80000)
  to   space 44032K, 0% used [0x0000000148300000,0x0000000148300000,0x000000014ae00000)
 ParOldGen       total 349696K, used 191546K [0x0000000115180000, 0x000000012a700000, 0x000000013fc00000)
  object space 349696K, 54% used [0x0000000115180000,0x0000000120c8e8d0,0x000000012a700000)
 PSPermGen       total 43520K, used 43069K [0x0000000105180000, 0x0000000107c00000, 0x0000000115180000)
  object space 43520K, 98% used [0x0000000105180000,0x0000000107b8f6d8,0x0000000107c00000)
GC Heap History (10 events):
Event: 46957.651 GC heap before
{Heap before GC invocations=23 (full 0):
 PSYoungGen      total 158720K, used 104624K [0x000000013fc00000, 0x000000014d780000, 0x0000000155180000)
  eden space 103936K, 100% used [0x000000013fc00000,0x0000000146180000,0x0000000146180000)
  from space 54784K, 1% used [0x000000014a200000,0x000000014a2ac090,0x000000014d780000)
  to   space 60416K, 0% used [0x0000000146180000,0x0000000146180000,0x0000000149c80000)
 ParOldGen       total 349696K, used 191050K [0x0000000115180000, 0x000000012a700000, 0x000000013fc00000)
  object space 349696K, 54% used [0x0000000115180000,0x0000000120c12860,0x000000012a700000)
 PSPermGen       total 43520K, used 43018K [0x0000000105180000, 0x0000000107c00000, 0x0000000115180000)
  object space 43520K, 98% used [0x0000000105180000,0x0000000107b829a8,0x0000000107c00000)
Event: 46957.657 GC heap after
Heap after GC invocations=23 (full 0):
 PSYoungGen      total 102912K, used 608K [0x000000013fc00000, 0x000000014ce80000, 0x0000000155180000)
  eden space 101888K, 0% used [0x000000013fc00000,0x000000013fc00000,0x0000000145f80000)
  from space 1024K, 59% used [0x0000000146180000,0x0000000146218080,0x0000000146280000)
  to   space 56832K, 0% used [0x0000000149700000,0x0000000149700000,0x000000014ce80000)
 ParOldGen       total 349696K, used 191186K [0x0000000115180000, 0x000000012a700000, 0x000000013fc00000)
  object space 349696K, 54% used [0x0000000115180000,0x0000000120c34880,0x000000012a700000)
 PSPermGen       total 43520K, used 43018K [0x0000000105180000, 0x0000000107c00000, 0x0000000115180000)
  object space 43520K, 98% used [0x0000000105180000,0x0000000107b829a8,0x0000000107c00000)
}
Event: 46960.038 GC heap before
{Heap before GC invocations=24 (full 0):
 PSYoungGen      total 102912K, used 102496K [0x000000013fc00000, 0x000000014ce80000, 0x0000000155180000)
  eden space 101888K, 100% used [0x000000013fc00000,0x0000000145f80000,0x0000000145f80000)
  from space 1024K, 59% used [0x0000000146180000,0x0000000146218080,0x0000000146280000)
  to   space 56832K, 0% used [0x0000000149700000,0x0000000149700000,0x000000014ce80000)
 ParOldGen       total 349696K, used 191186K [0x0000000115180000, 0x000000012a700000, 0x000000013fc00000)
  object space 349696K, 54% used [0x0000000115180000,0x0000000120c34880,0x000000012a700000)
 PSPermGen       total 43520K, used 43023K [0x0000000105180000, 0x0000000107c00000, 0x0000000115180000)
  object space 43520K, 98% used [0x0000000105180000,0x0000000107b83e70,0x0000000107c00000)
Event: 46960.045 GC heap after
Heap after GC invocations=24 (full 0):
 PSYoungGen      total 147456K, used 656K [0x000000013fc00000, 0x000000014c580000, 0x0000000155180000)
  eden space 99840K, 0% used [0x000000013fc00000,0x000000013fc00000,0x0000000145d80000)
  from space 47616K, 1% used [0x0000000149700000,0x00000001497a4090,0x000000014c580000)
  to   space 53248K, 0% used [0x0000000145d80000,0x0000000145d80000,0x0000000149180000)
 ParOldGen       total 349696K, used 191258K [0x0000000115180000, 0x000000012a700000, 0x000000013fc00000)
  object space 349696K, 54% used [0x0000000115180000,0x0000000120c46890,0x000000012a700000)
 PSPermGen       total 43520K, used 43023K [0x0000000105180000, 0x0000000107c00000, 0x0000000115180000)
  object space 43520K, 98% used [0x0000000105180000,0x0000000107b83e70,0x0000000107c00000)
}
Event: 47047.276 GC heap before
{Heap before GC invocations=25 (full 0):
 PSYoungGen      total 147456K, used 100496K [0x000000013fc00000, 0x000000014c580000, 0x0000000155180000)
  eden space 99840K, 100% used [0x000000013fc00000,0x0000000145d80000,0x0000000145d80000)
  from space 47616K, 1% used [0x0000000149700000,0x00000001497a4090,0x000000014c580000)
  to   space 53248K, 0% used [0x0000000145d80000,0x0000000145d80000,0x0000000149180000)
 ParOldGen       total 349696K, used 191258K [0x0000000115180000, 0x000000012a700000, 0x000000013fc00000)
  object space 349696K, 54% used [0x0000000115180000,0x0000000120c46890,0x000000012a700000)
 PSPermGen       total 43520K, used 43043K [0x0000000105180000, 0x0000000107c00000, 0x0000000115180000)
  object space 43520K, 98% used [0x0000000105180000,0x0000000107b88e38,0x0000000107c00000)
Event: 47047.282 GC heap after
Heap after GC invocations=25 (full 0):
 PSYoungGen      total 98816K, used 688K [0x000000013fc00000, 0x000000014bd80000, 0x0000000155180000)
  eden space 97792K, 0% used [0x000000013fc00000,0x000000013fc00000,0x0000000145b80000)
  from space 1024K, 67% used [0x0000000145d80000,0x0000000145e2c070,0x0000000145e80000)
  to   space 50176K, 0% used [0x0000000148c80000,0x0000000148c80000,0x000000014bd80000)
 ParOldGen       total 349696K, used 191362K [0x0000000115180000, 0x000000012a700000, 0x000000013fc00000)
  object space 349696K, 54% used [0x0000000115180000,0x0000000120c608a0,0x000000012a700000)
 PSPermGen       total 43520K, used 43043K [0x0000000105180000, 0x0000000107c00000, 0x0000000115180000)
  object space 43520K, 98% used [0x0000000105180000,0x0000000107b88e38,0x0000000107c00000)
}
Event: 47049.575 GC heap before
{Heap before GC invocations=26 (full 0):
 PSYoungGen      total 98816K, used 98480K [0x000000013fc00000, 0x000000014bd80000, 0x0000000155180000)
  eden space 97792K, 100% used [0x000000013fc00000,0x0000000145b80000,0x0000000145b80000)
  from space 1024K, 67% used [0x0000000145d80000,0x0000000145e2c070,0x0000000145e80000)
  to   space 50176K, 0% used [0x0000000148c80000,0x0000000148c80000,0x000000014bd80000)
 ParOldGen       total 349696K, used 191362K [0x0000000115180000, 0x000000012a700000, 0x000000013fc00000)
  object space 349696K, 54% used [0x0000000115180000,0x0000000120c608a0,0x000000012a700000)
 PSPermGen       total 43520K, used 43043K [0x0000000105180000, 0x0000000107c00000, 0x0000000115180000)
  object space 43520K, 98% used [0x0000000105180000,0x0000000107b88f30,0x0000000107c00000)
Event: 47049.584 GC heap after
Heap after GC invocations=26 (full 0):
 PSYoungGen      total 137728K, used 672K [0x000000013fc00000, 0x000000014b580000, 0x0000000155180000)
  eden space 95744K, 0% used [0x000000013fc00000,0x000000013fc00000,0x0000000145980000)
  from space 41984K, 1% used [0x0000000148c80000,0x0000000148d280a0,0x000000014b580000)
  to   space 47104K, 0% used [0x0000000145980000,0x0000000145980000,0x0000000148780000)
 ParOldGen       total 349696K, used 191490K [0x0000000115180000, 0x000000012a700000, 0x000000013fc00000)
  object space 349696K, 54% used [0x0000000115180000,0x0000000120c808c0,0x000000012a700000)
 PSPermGen       total 43520K, used 43043K [0x0000000105180000, 0x0000000107c00000, 0x0000000115180000)
  object space 43520K, 98% used [0x0000000105180000,0x0000000107b88f30,0x0000000107c00000)
}
Event: 47051.804 GC heap before
{Heap before GC invocations=27 (full 0):
 PSYoungGen      total 137728K, used 96416K [0x000000013fc00000, 0x000000014b580000, 0x0000000155180000)
  eden space 95744K, 100% used [0x000000013fc00000,0x0000000145980000,0x0000000145980000)
  from space 41984K, 1% used [0x0000000148c80000,0x0000000148d280a0,0x000000014b580000)
  to   space 47104K, 0% used [0x0000000145980000,0x0000000145980000,0x0000000148780000)
 ParOldGen       total 349696K, used 191490K [0x0000000115180000, 0x000000012a700000, 0x000000013fc00000)
  object space 349696K, 54% used [0x0000000115180000,0x0000000120c808c0,0x000000012a700000)
 PSPermGen       total 43520K, used 43045K [0x0000000105180000, 0x0000000107c00000, 0x0000000115180000)
  object space 43520K, 98% used [0x0000000105180000,0x0000000107b89618,0x0000000107c00000)
Event: 47051.810 GC heap after
Heap after GC invocations=27 (full 0):
 PSYoungGen      total 95232K, used 640K [0x000000013fc00000, 0x000000014ae00000, 0x0000000155180000)
  eden space 94208K, 0% used [0x000000013fc00000,0x000000013fc00000,0x0000000145800000)
  from space 1024K, 62% used [0x0000000145980000,0x0000000145a200a0,0x0000000145a80000)
  to   space 44032K, 0% used [0x0000000148300000,0x0000000148300000,0x000000014ae00000)
 ParOldGen       total 349696K, used 191546K [0x0000000115180000, 0x000000012a700000, 0x000000013fc00000)
  object space 349696K, 54% used [0x0000000115180000,0x0000000120c8e8d0,0x000000012a700000)
 PSPermGen       total 43520K, used 43045K [0x0000000105180000, 0x0000000107c00000, 0x0000000115180000)
  object space 43520K, 98% used [0x0000000105180000,0x0000000107b89618,0x0000000107c00000)
}

