# JRE version: Java(TM) SE Runtime Environment (7.0_45-b18) (build 1.7.0_45-b18)
# Java VM: Java HotSpot(TM) 64-Bit Server VM (24.45-b08 mixed mode bsd-amd64 compressed oops)
Heap
 PSYoungGen      total 164352K, used 163904K [0x00000007eaa80000, 0x00000007fac80000, 0x0000000800000000)
  eden space 162816K, 100% used [0x00000007eaa80000,0x00000007f4980000,0x00000007f4980000)
  from space 1536K, 70% used [0x00000007fab00000,0x00000007fac10120,0x00000007fac80000)
  to   space 41984K, 1% used [0x00000007f5a80000,0x00000007f5af80a0,0x00000007f8380000)
 ParOldGen       total 349696K, used 245832K [0x00000007c0000000, 0x00000007d5580000, 0x00000007eaa80000)
  object space 349696K, 70% used [0x00000007c0000000,0x00000007cf0121a0,0x00000007d5580000)
 PSPermGen       total 43520K, used 43312K [0x00000007b0000000, 0x00000007b2a80000, 0x00000007c0000000)
  object space 43520K, 99% used [0x00000007b0000000,0x00000007b2a4c160,0x00000007b2a80000)
GC Heap History (10 events):
Event: 670.466 GC heap after
Heap after GC invocations=26 (full 0):
 PSYoungGen      total 178688K, used 1629K [0x00000007eaa80000, 0x00000007f8f00000, 0x0000000800000000)
  eden space 128512K, 0% used [0x00000007eaa80000,0x00000007eaa80000,0x00000007f2800000)
  from space 50176K, 3% used [0x00000007f5e00000,0x00000007f5f97678,0x00000007f8f00000)
  to   space 52736K, 0% used [0x00000007f2800000,0x00000007f2800000,0x00000007f5b80000)
 ParOldGen       total 349696K, used 244308K [0x00000007c0000000, 0x00000007d5580000, 0x00000007eaa80000)
  object space 349696K, 69% used [0x00000007c0000000,0x00000007cee953b0,0x00000007d5580000)
 PSPermGen       total 43520K, used 43235K [0x00000007b0000000, 0x00000007b2a80000, 0x00000007c0000000)
  object space 43520K, 99% used [0x00000007b0000000,0x00000007b2a38e70,0x00000007b2a80000)
}
Event: 678.986 GC heap before
{Heap before GC invocations=27 (full 0):
 PSYoungGen      total 178688K, used 130141K [0x00000007eaa80000, 0x00000007f8f00000, 0x0000000800000000)
  eden space 128512K, 100% used [0x00000007eaa80000,0x00000007f2800000,0x00000007f2800000)
  from space 50176K, 3% used [0x00000007f5e00000,0x00000007f5f97678,0x00000007f8f00000)
  to   space 52736K, 0% used [0x00000007f2800000,0x00000007f2800000,0x00000007f5b80000)
 ParOldGen       total 349696K, used 244308K [0x00000007c0000000, 0x00000007d5580000, 0x00000007eaa80000)
  object space 349696K, 69% used [0x00000007c0000000,0x00000007cee953b0,0x00000007d5580000)
 PSPermGen       total 43520K, used 43254K [0x00000007b0000000, 0x00000007b2a80000, 0x00000007c0000000)
  object space 43520K, 99% used [0x00000007b0000000,0x00000007b2a3dab0,0x00000007b2a80000)
Event: 678.994 GC heap after
Heap after GC invocations=27 (full 0):
 PSYoungGen      total 181248K, used 752K [0x00000007eaa80000, 0x00000007faf00000, 0x0000000800000000)
  eden space 128512K, 0% used [0x00000007eaa80000,0x00000007eaa80000,0x00000007f2800000)
  from space 52736K, 1% used [0x00000007f2800000,0x00000007f28bc070,0x00000007f5b80000)
  to   space 49664K, 0% used [0x00000007f7e80000,0x00000007f7e80000,0x00000007faf00000)
 ParOldGen       total 349696K, used 245093K [0x00000007c0000000, 0x00000007d5580000, 0x00000007eaa80000)
  object space 349696K, 70% used [0x00000007c0000000,0x00000007cef59410,0x00000007d5580000)
 PSPermGen       total 43520K, used 43254K [0x00000007b0000000, 0x00000007b2a80000, 0x00000007c0000000)
  object space 43520K, 99% used [0x00000007b0000000,0x00000007b2a3dab0,0x00000007b2a80000)
}
Event: 682.362 GC heap before
{Heap before GC invocations=28 (full 0):
 PSYoungGen      total 181248K, used 129264K [0x00000007eaa80000, 0x00000007faf00000, 0x0000000800000000)
  eden space 128512K, 100% used [0x00000007eaa80000,0x00000007f2800000,0x00000007f2800000)
  from space 52736K, 1% used [0x00000007f2800000,0x00000007f28bc070,0x00000007f5b80000)
  to   space 49664K, 0% used [0x00000007f7e80000,0x00000007f7e80000,0x00000007faf00000)
 ParOldGen       total 349696K, used 245093K [0x00000007c0000000, 0x00000007d5580000, 0x00000007eaa80000)
  object space 349696K, 70% used [0x00000007c0000000,0x00000007cef59410,0x00000007d5580000)
 PSPermGen       total 43520K, used 43277K [0x00000007b0000000, 0x00000007b2a80000, 0x00000007c0000000)
  object space 43520K, 99% used [0x00000007b0000000,0x00000007b2a43708,0x00000007b2a80000)
Event: 682.371 GC heap after
Heap after GC invocations=28 (full 0):
 PSYoungGen      total 211968K, used 832K [0x00000007eaa80000, 0x00000007faa00000, 0x0000000800000000)
  eden space 167424K, 0% used [0x00000007eaa80000,0x00000007eaa80000,0x00000007f4e00000)
  from space 44544K, 1% used [0x00000007f7e80000,0x00000007f7f500c0,0x00000007faa00000)
  to   space 47104K, 0% used [0x00000007f4e00000,0x00000007f4e00000,0x00000007f7c00000)
 ParOldGen       total 349696K, used 245441K [0x00000007c0000000, 0x00000007d5580000, 0x00000007eaa80000)
  object space 349696K, 70% used [0x00000007c0000000,0x00000007cefb0450,0x00000007d5580000)
 PSPermGen       total 43520K, used 43277K [0x00000007b0000000, 0x00000007b2a80000, 0x00000007c0000000)
  object space 43520K, 99% used [0x00000007b0000000,0x00000007b2a43708,0x00000007b2a80000)
}
Event: 709.973 GC heap before
{Heap before GC invocations=29 (full 0):
 PSYoungGen      total 211968K, used 168256K [0x00000007eaa80000, 0x00000007faa00000, 0x0000000800000000)
  eden space 167424K, 100% used [0x00000007eaa80000,0x00000007f4e00000,0x00000007f4e00000)
  from space 44544K, 1% used [0x00000007f7e80000,0x00000007f7f500c0,0x00000007faa00000)
  to   space 47104K, 0% used [0x00000007f4e00000,0x00000007f4e00000,0x00000007f7c00000)
 ParOldGen       total 349696K, used 245441K [0x00000007c0000000, 0x00000007d5580000, 0x00000007eaa80000)
  object space 349696K, 70% used [0x00000007c0000000,0x00000007cefb0450,0x00000007d5580000)
 PSPermGen       total 43520K, used 43284K [0x00000007b0000000, 0x00000007b2a80000, 0x00000007c0000000)
  object space 43520K, 99% used [0x00000007b0000000,0x00000007b2a45280,0x00000007b2a80000)
Event: 709.980 GC heap after
Heap after GC invocations=29 (full 0):
 PSYoungGen      total 214528K, used 976K [0x00000007eaa80000, 0x00000007fd680000, 0x0000000800000000)
  eden space 167424K, 0% used [0x00000007eaa80000,0x00000007eaa80000,0x00000007f4e00000)
  from space 47104K, 2% used [0x00000007f4e00000,0x00000007f4ef40f0,0x00000007f7c00000)
  to   space 44544K, 0% used [0x00000007fab00000,0x00000007fab00000,0x00000007fd680000)
 ParOldGen       total 349696K, used 245537K [0x00000007c0000000, 0x00000007d5580000, 0x00000007eaa80000)
  object space 349696K, 70% used [0x00000007c0000000,0x00000007cefc8460,0x00000007d5580000)
 PSPermGen       total 43520K, used 43284K [0x00000007b0000000, 0x00000007b2a80000, 0x00000007c0000000)
  object space 43520K, 99% used [0x00000007b0000000,0x00000007b2a45280,0x00000007b2a80000)
}
Event: 713.964 GC heap before
{Heap before GC invocations=30 (full 0):
 PSYoungGen      total 214528K, used 168400K [0x00000007eaa80000, 0x00000007fd680000, 0x0000000800000000)
  eden space 167424K, 100% used [0x00000007eaa80000,0x00000007f4e00000,0x00000007f4e00000)
  from space 47104K, 2% used [0x00000007f4e00000,0x00000007f4ef40f0,0x00000007f7c00000)
  to   space 44544K, 0% used [0x00000007fab00000,0x00000007fab00000,0x00000007fd680000)
 ParOldGen       total 349696K, used 245537K [0x00000007c0000000, 0x00000007d5580000, 0x00000007eaa80000)
  object space 349696K, 70% used [0x00000007c0000000,0x00000007cefc8460,0x00000007d5580000)
 PSPermGen       total 43520K, used 43286K [0x00000007b0000000, 0x00000007b2a80000, 0x00000007c0000000)
  object space 43520K, 99% used [0x00000007b0000000,0x00000007b2a45970,0x00000007b2a80000)
Event: 713.973 GC heap after
Heap after GC invocations=30 (full 0):
 PSYoungGen      total 164352K, used 1088K [0x00000007eaa80000, 0x00000007fac80000, 0x0000000800000000)
  eden space 162816K, 0% used [0x00000007eaa80000,0x00000007eaa80000,0x00000007f4980000)
  from space 1536K, 70% used [0x00000007fab00000,0x00000007fac10120,0x00000007fac80000)
  to   space 41984K, 0% used [0x00000007f5a80000,0x00000007f5a80000,0x00000007f8380000)
 ParOldGen       total 349696K, used 245728K [0x00000007c0000000, 0x00000007d5580000, 0x00000007eaa80000)
  object space 349696K, 70% used [0x00000007c0000000,0x00000007ceff8190,0x00000007d5580000)
 PSPermGen       total 43520K, used 43286K [0x00000007b0000000, 0x00000007b2a80000, 0x00000007c0000000)
  object space 43520K, 99% used [0x00000007b0000000,0x00000007b2a45970,0x00000007b2a80000)
}
Event: 947.907 GC heap before
{Heap before GC invocations=31 (full 0):
 PSYoungGen      total 164352K, used 163904K [0x00000007eaa80000, 0x00000007fac80000, 0x0000000800000000)
  eden space 162816K, 100% used [0x00000007eaa80000,0x00000007f4980000,0x00000007f4980000)
  from space 1536K, 70% used [0x00000007fab00000,0x00000007fac10120,0x00000007fac80000)
  to   space 41984K, 0% used [0x00000007f5a80000,0x00000007f5a80000,0x00000007f8380000)
 ParOldGen       total 349696K, used 245728K [0x00000007c0000000, 0x00000007d5580000, 0x00000007eaa80000)
  object space 349696K, 70% used [0x00000007c0000000,0x00000007ceff8190,0x00000007d5580000)
 PSPermGen       total 43520K, used 43312K [0x00000007b0000000, 0x00000007b2a80000, 0x00000007c0000000)
  object space 43520K, 99% used [0x00000007b0000000,0x00000007b2a4c160,0x00000007b2a80000)

